	[25/Jul/15 07:42:21][AUDIT][td4jiase1isv6rsnuvd5v5vpsc][GUI]
		Login for 'admin' from '::1' succeeded
[<<][6876065cdc24d296600798][DEFAULT][/Testlink/login.php][25/Jul/15 07:42:20][25/Jul/15 07:42:21][took 0.429452 secs]
[<<][6876065d97e5e650595610][DEFAULT][/Testlink/index.php][25/Jul/15 07:42:21][25/Jul/15 07:42:21][took 0.08804 secs]
[>>][6876065dae090671069897][DEFAULT][/Testlink/index.php][25/Jul/15 07:42:21]
[<<][6876065dae090671069897][DEFAULT][/Testlink/index.php][25/Jul/15 07:42:21][25/Jul/15 07:42:22][took 0.551229 secs]
[<<][6876065ea79d3694247739][DEFAULT][/Testlink/lib/general/navBar.php][25/Jul/15 07:42:22][25/Jul/15 07:42:22][took 0.286259 secs]
[>>][6876065eee088766834828][DEFAULT][/Testlink/lib/general/navBar.php][25/Jul/15 07:42:22]
[<<][6876065eee088766834828][DEFAULT][/Testlink/lib/general/navBar.php][25/Jul/15 07:42:22][25/Jul/15 07:42:22][took 0.020243 secs]
[>>][6876065ef3b94250833673][DEFAULT][/Testlink/lib/general/navBar.php][25/Jul/15 07:42:22]
[<<][6876065ef3b94250833673][DEFAULT][/Testlink/lib/general/navBar.php][25/Jul/15 07:42:22][25/Jul/15 07:42:24][took 1.710246 secs]
[<<][6876065eaed6e885150609][DEFAULT][/Testlink/lib/general/mainPage.php][25/Jul/15 07:42:22][25/Jul/15 07:42:24][took 2.092031 secs]
[>>][68760660c5e19683337720][DEFAULT][/Testlink/lib/general/mainPage.php][25/Jul/15 07:42:24]
[<<][68760660c5e19683337720][DEFAULT][/Testlink/lib/general/mainPage.php][25/Jul/15 07:42:24][25/Jul/15 07:42:24][took 0.037794 secs]
[>>][68760660cfb1b068892176][DEFAULT][/Testlink/lib/general/mainPage.php][25/Jul/15 07:42:24]
[<<][68760660cfb1b068892176][DEFAULT][/Testlink/lib/general/mainPage.php][25/Jul/15 07:42:24][25/Jul/15 07:42:25][took 0.16198 secs]
[<<][6876066133c05727131047][DEFAULT][/Testlink/lib/project/projectEdit.php][25/Jul/15 07:42:25][25/Jul/15 07:42:25][took 0.227011 secs]
[>>][687606616bb1e658961715][DEFAULT][/Testlink/lib/project/projectEdit.php][25/Jul/15 07:42:25]
[<<][687606616bb1e658961715][DEFAULT][/Testlink/lib/project/projectEdit.php][25/Jul/15 07:42:25][25/Jul/15 07:42:25][took 0.036812 secs]
[>>][687606617527b704102497][DEFAULT][/Testlink/lib/project/projectEdit.php][25/Jul/15 07:42:25]
[<<][687606617527b704102497][DEFAULT][/Testlink/lib/project/projectEdit.php][25/Jul/15 07:42:25][25/Jul/15 07:42:28][took 2.680132 secs]
[<<][6876067228dee514982136][DEFAULT][/Testlink/lib/usermanagement/userInfo.php][25/Jul/15 07:42:42][25/Jul/15 07:42:42][took 0.082722 secs]
[>>][687606723da04593272995][DEFAULT][/Testlink/lib/usermanagement/userInfo.php][25/Jul/15 07:42:42]
[<<][687606723da04593272995][DEFAULT][/Testlink/lib/usermanagement/userInfo.php][25/Jul/15 07:42:42][25/Jul/15 07:42:42][took 0.020286 secs]
[>>][6876067243256975508261][DEFAULT][/Testlink/lib/usermanagement/userInfo.php][25/Jul/15 07:42:42]
[<<][6876067243256975508261][DEFAULT][/Testlink/lib/usermanagement/userInfo.php][25/Jul/15 07:42:42][25/Jul/15 07:42:46][took 4.298667 secs]
[<<][6876067b68275916186975][DEFAULT][/Testlink/logout.php][25/Jul/15 07:42:51][25/Jul/15 07:42:51][took 0.100538 secs]
[>>][6876067b81bb7569871863][DEFAULT][/Testlink/logout.php][25/Jul/15 07:42:51]
[<<][6876067b81bb7569871863][DEFAULT][/Testlink/logout.php][25/Jul/15 07:42:51][25/Jul/15 07:42:51][took 0.026373 secs]
[>>][6876067b88dd5602368405][DEFAULT][/Testlink/logout.php][25/Jul/15 07:42:51]
	[25/Jul/15 07:42:51][AUDIT][td4jiase1isv6rsnuvd5v5vpsc][GUI]
		Logout of 'admin'
	[25/Jul/15 08:00:55][AUDIT][td4jiase1isv6rsnuvd5v5vpsc][GUI]
		Login for 'admin' from '::1' succeeded
[<<][68760ab780540064774566][DEFAULT][/Testlink/login.php][25/Jul/15 08:00:55][25/Jul/15 08:00:55][took 0.094668 secs]
[<<][68760ab82aca1354073514][DEFAULT][/Testlink/index.php][25/Jul/15 08:00:56][25/Jul/15 08:00:56][took 0.092677 secs]
[>>][68760ab841f86292121545][DEFAULT][/Testlink/index.php][25/Jul/15 08:00:56]
[<<][68760ab841f86292121545][DEFAULT][/Testlink/index.php][25/Jul/15 08:00:56][25/Jul/15 08:00:56][took 0.033843 secs]
[<<][68760ab894c4b783540540][DEFAULT][/Testlink/lib/general/navBar.php][25/Jul/15 08:00:56][25/Jul/15 08:00:56][took 0.145834 secs]
[>>][68760ab8b936a814817087][DEFAULT][/Testlink/lib/general/navBar.php][25/Jul/15 08:00:56]
[<<][68760ab8b936a814817087][DEFAULT][/Testlink/lib/general/navBar.php][25/Jul/15 08:00:56][25/Jul/15 08:00:56][took 0.021465 secs]
[>>][68760ab8bf49b859911433][DEFAULT][/Testlink/lib/general/navBar.php][25/Jul/15 08:00:56]
[<<][68760ab8bf49b859911433][DEFAULT][/Testlink/lib/general/navBar.php][25/Jul/15 08:00:56][25/Jul/15 08:00:56][took 0.09847 secs]
[<<][68760ab895c2b717778360][DEFAULT][/Testlink/lib/general/mainPage.php][25/Jul/15 08:00:56][25/Jul/15 08:00:57][took 0.388398 secs]
[>>][68760ab901795276045074][DEFAULT][/Testlink/lib/general/mainPage.php][25/Jul/15 08:00:57]
[<<][68760ab901795276045074][DEFAULT][/Testlink/lib/general/mainPage.php][25/Jul/15 08:00:57][25/Jul/15 08:00:57][took 0.02653 secs]
[>>][68760ab908b65869015143][DEFAULT][/Testlink/lib/general/mainPage.php][25/Jul/15 08:00:57]
[<<][68760ab908b65869015143][DEFAULT][/Testlink/lib/general/mainPage.php][25/Jul/15 08:00:57][25/Jul/15 08:00:57][took 0.07496 secs]
[<<][68760ab93ec08483432324][DEFAULT][/Testlink/lib/project/projectEdit.php][25/Jul/15 08:00:57][25/Jul/15 08:00:57][took 0.089833 secs]
[>>][68760ab95528b307310391][DEFAULT][/Testlink/lib/project/projectEdit.php][25/Jul/15 08:00:57]
[<<][68760ab95528b307310391][DEFAULT][/Testlink/lib/project/projectEdit.php][25/Jul/15 08:00:57][25/Jul/15 08:00:57][took 0.020687 secs]
[>>][68760ab95aa6a465053545][DEFAULT][/Testlink/lib/project/projectEdit.php][25/Jul/15 08:00:57]
[<<][68760ab95aa6a465053545][DEFAULT][/Testlink/lib/project/projectEdit.php][25/Jul/15 08:00:57][25/Jul/15 08:00:57][took 0.142869 secs]
[<<][68760abc6ace0539808533][DEFAULT][/Testlink/lib/usermanagement/userInfo.php][25/Jul/15 08:01:00][25/Jul/15 08:01:00][took 0.063857 secs]
[>>][68760abc7af2b763005077][DEFAULT][/Testlink/lib/usermanagement/userInfo.php][25/Jul/15 08:01:00]
[<<][68760abc7af2b763005077][DEFAULT][/Testlink/lib/usermanagement/userInfo.php][25/Jul/15 08:01:00][25/Jul/15 08:01:00][took 0.014478 secs]
[>>][68760abc7f01a776366776][DEFAULT][/Testlink/lib/usermanagement/userInfo.php][25/Jul/15 08:01:00]
[<<][68760abc7f01a776366776][DEFAULT][/Testlink/lib/usermanagement/userInfo.php][25/Jul/15 08:01:00][25/Jul/15 08:01:01][took 0.564039 secs]
[<<][68760af7e47d3272458295][DEFAULT][/Testlink/lib/usermanagement/userInfo.php][25/Jul/15 08:01:59][25/Jul/15 08:02:00][took 0.07216 secs]
[>>][68760af803477067451678][DEFAULT][/Testlink/lib/usermanagement/userInfo.php][25/Jul/15 08:02:00]
[<<][68760af803477067451678][DEFAULT][/Testlink/lib/usermanagement/userInfo.php][25/Jul/15 08:02:00][25/Jul/15 08:02:00][took 0.01693 secs]
[>>][68760af80800d501193671][DEFAULT][/Testlink/lib/usermanagement/userInfo.php][25/Jul/15 08:02:00]
	[25/Jul/15 08:02:00][AUDIT][td4jiase1isv6rsnuvd5v5vpsc][GUI]
		User 'admin' was saved
[<<][68760af80800d501193671][DEFAULT][/Testlink/lib/usermanagement/userInfo.php][25/Jul/15 08:02:00][25/Jul/15 08:02:00][took 0.342254 secs]
[<<][68760af886555403126883][DEFAULT][/Testlink/lib/general/navBar.php][25/Jul/15 08:02:00][25/Jul/15 08:02:00][took 0.121077 secs]
[>>][68760af8a4f5a547146381][DEFAULT][/Testlink/lib/general/navBar.php][25/Jul/15 08:02:00]
[<<][68760af8a4f5a547146381][DEFAULT][/Testlink/lib/general/navBar.php][25/Jul/15 08:02:00][25/Jul/15 08:02:00][took 0.041928 secs]
[>>][68760af8b0a71550896183][DEFAULT][/Testlink/lib/general/navBar.php][25/Jul/15 08:02:00]
[<<][68760af8b0a71550896183][DEFAULT][/Testlink/lib/general/navBar.php][25/Jul/15 08:02:00][25/Jul/15 08:02:00][took 0.112489 secs]
[<<][68760b43a611e950881208][DEFAULT][/Testlink/index.php][25/Jul/15 08:03:15][25/Jul/15 08:03:15][took 0.085592 secs]
[>>][68760b43bc72a346743743][DEFAULT][/Testlink/index.php][25/Jul/15 08:03:15]
[<<][68760b43bc72a346743743][DEFAULT][/Testlink/index.php][25/Jul/15 08:03:15][25/Jul/15 08:03:15][took 0.020021 secs]
[<<][68760b4431d54437227438][DEFAULT][/Testlink/lib/general/navBar.php][25/Jul/15 08:03:16][25/Jul/15 08:03:16][took 0.129669 secs]
[>>][68760b445206a191660538][DEFAULT][/Testlink/lib/general/navBar.php][25/Jul/15 08:03:16]
[<<][68760b445206a191660538][DEFAULT][/Testlink/lib/general/navBar.php][25/Jul/15 08:03:16][25/Jul/15 08:03:16][took 0.012791 secs]
[>>][68760b445593b758710803][DEFAULT][/Testlink/lib/general/navBar.php][25/Jul/15 08:03:16]
[<<][68760b445593b758710803][DEFAULT][/Testlink/lib/general/navBar.php][25/Jul/15 08:03:16][25/Jul/15 08:03:16][took 0.064219 secs]
[<<][68760b4433b6d051933691][DEFAULT][/Testlink/lib/general/mainPage.php][25/Jul/15 08:03:16][25/Jul/15 08:03:16][took 0.285439 secs]
[>>][68760b447a0ed662942892][DEFAULT][/Testlink/lib/general/mainPage.php][25/Jul/15 08:03:16]
[<<][68760b447a0ed662942892][DEFAULT][/Testlink/lib/general/mainPage.php][25/Jul/15 08:03:16][25/Jul/15 08:03:16][took 0.0193 secs]
[>>][68760b447f408239947349][DEFAULT][/Testlink/lib/general/mainPage.php][25/Jul/15 08:03:16]
[<<][68760b447f408239947349][DEFAULT][/Testlink/lib/general/mainPage.php][25/Jul/15 08:03:16][25/Jul/15 08:03:16][took 0.057218 secs]
[<<][68760b44ad0f2494059478][DEFAULT][/Testlink/lib/project/projectEdit.php][25/Jul/15 08:03:16][25/Jul/15 08:03:16][took 0.101486 secs]
[>>][68760b44c66d5830913410][DEFAULT][/Testlink/lib/project/projectEdit.php][25/Jul/15 08:03:16]
[<<][68760b44c66d5830913410][DEFAULT][/Testlink/lib/project/projectEdit.php][25/Jul/15 08:03:16][25/Jul/15 08:03:16][took 0.020653 secs]
[>>][68760b44cc085656832576][DEFAULT][/Testlink/lib/project/projectEdit.php][25/Jul/15 08:03:16]
[<<][68760b44cc085656832576][DEFAULT][/Testlink/lib/project/projectEdit.php][25/Jul/15 08:03:16][25/Jul/15 08:03:16][took 0.10515 secs]
[<<][68760b5b2789f034509876][DEFAULT][/Testlink/lib/usermanagement/userInfo.php][25/Jul/15 08:03:39][25/Jul/15 08:03:39][took 0.065512 secs]
[>>][68760b5b38004297203311][DEFAULT][/Testlink/lib/usermanagement/userInfo.php][25/Jul/15 08:03:39]
[<<][68760b5b38004297203311][DEFAULT][/Testlink/lib/usermanagement/userInfo.php][25/Jul/15 08:03:39][25/Jul/15 08:03:39][took 0.014749 secs]
[>>][68760b5b3c17d445966382][DEFAULT][/Testlink/lib/usermanagement/userInfo.php][25/Jul/15 08:03:39]
[<<][68760b5b3c17d445966382][DEFAULT][/Testlink/lib/usermanagement/userInfo.php][25/Jul/15 08:03:39][25/Jul/15 08:03:39][took 0.471506 secs]
[<<][68760bade8607014917501][DEFAULT][/Testlink/lib/usermanagement/userInfo.php][25/Jul/15 08:05:01][25/Jul/15 08:05:02][took 0.056297 secs]
[>>][68760bae03849070978733][DEFAULT][/Testlink/lib/usermanagement/userInfo.php][25/Jul/15 08:05:02]
[<<][68760bae03849070978733][DEFAULT][/Testlink/lib/usermanagement/userInfo.php][25/Jul/15 08:05:02][25/Jul/15 08:05:02][took 0.011122 secs]
[>>][68760bae06a07368018969][DEFAULT][/Testlink/lib/usermanagement/userInfo.php][25/Jul/15 08:05:02]
[<<][68760bae06a07368018969][DEFAULT][/Testlink/lib/usermanagement/userInfo.php][25/Jul/15 08:05:02][25/Jul/15 08:05:02][took 0.308577 secs]
[<<][68760ca9e4c84190817348][DEFAULT][/Testlink/index.php][25/Jul/15 08:09:13][25/Jul/15 08:09:14][took 0.091458 secs]
[>>][68760caa08ea0101103385][DEFAULT][/Testlink/index.php][25/Jul/15 08:09:14]
[<<][68760caa08ea0101103385][DEFAULT][/Testlink/index.php][25/Jul/15 08:09:14][25/Jul/15 08:09:14][took 0.015481 secs]
[<<][68760caa81257372778913][DEFAULT][/Testlink/lib/general/navBar.php][25/Jul/15 08:09:14][25/Jul/15 08:09:14][took 0.103682 secs]
[>>][68760caa9af2e453582614][DEFAULT][/Testlink/lib/general/navBar.php][25/Jul/15 08:09:14]
[<<][68760caa9af2e453582614][DEFAULT][/Testlink/lib/general/navBar.php][25/Jul/15 08:09:14][25/Jul/15 08:09:14][took 0.016547 secs]
[>>][68760caa9f798779450546][DEFAULT][/Testlink/lib/general/navBar.php][25/Jul/15 08:09:14]
[<<][68760caa9f798779450546][DEFAULT][/Testlink/lib/general/navBar.php][25/Jul/15 08:09:14][25/Jul/15 08:09:14][took 0.07231 secs]
[<<][68760caa84e12443545137][DEFAULT][/Testlink/lib/general/mainPage.php][25/Jul/15 08:09:14][25/Jul/15 08:09:14][took 0.263321 secs]
[>>][68760caac6624250701879][DEFAULT][/Testlink/lib/general/mainPage.php][25/Jul/15 08:09:14]
[<<][68760caac6624250701879][DEFAULT][/Testlink/lib/general/mainPage.php][25/Jul/15 08:09:14][25/Jul/15 08:09:14][took 0.021382 secs]
[>>][68760caacc1de287429649][DEFAULT][/Testlink/lib/general/mainPage.php][25/Jul/15 08:09:14]
[<<][68760caacc1de287429649][DEFAULT][/Testlink/lib/general/mainPage.php][25/Jul/15 08:09:14][25/Jul/15 08:09:14][took 0.05363 secs]
[<<][68760cab0a63f883842365][DEFAULT][/Testlink/lib/project/projectEdit.php][25/Jul/15 08:09:15][25/Jul/15 08:09:15][took 0.126548 secs]
[>>][68760cab29e7c337704624][DEFAULT][/Testlink/lib/project/projectEdit.php][25/Jul/15 08:09:15]
[<<][68760cab29e7c337704624][DEFAULT][/Testlink/lib/project/projectEdit.php][25/Jul/15 08:09:15][25/Jul/15 08:09:15][took 0.025622 secs]
[>>][68760cab312da981229569][DEFAULT][/Testlink/lib/project/projectEdit.php][25/Jul/15 08:09:15]
[<<][68760cab312da981229569][DEFAULT][/Testlink/lib/project/projectEdit.php][25/Jul/15 08:09:15][25/Jul/15 08:09:15][took 0.11066 secs]
[<<][68760d0019c7f589121260][DEFAULT][/Testlink/lib/project/projectEdit.php][25/Jul/15 08:10:40][25/Jul/15 08:10:40][took 0.07604 secs]
[>>][68760d002ce99173338525][DEFAULT][/Testlink/lib/project/projectEdit.php][25/Jul/15 08:10:40]
[<<][68760d002ce99173338525][DEFAULT][/Testlink/lib/project/projectEdit.php][25/Jul/15 08:10:40][25/Jul/15 08:10:40][took 0.032543 secs]
[>>][68760d0035889945972368][DEFAULT][/Testlink/lib/project/projectEdit.php][25/Jul/15 08:10:40]
	[25/Jul/15 08:10:40][AUDIT][td4jiase1isv6rsnuvd5v5vpsc][GUI - Test Project ID : 1]
		Test Project 'Sample Project Demo' was created
[<<][68760d0035889945972368][DEFAULT][/Testlink/lib/project/projectEdit.php][25/Jul/15 08:10:40][25/Jul/15 08:10:42][took 2.439878 secs]
[<<][68760d0323b6e276321127][DEFAULT][/Testlink/lib/general/navBar.php][25/Jul/15 08:10:43][25/Jul/15 08:10:43][took 0.084568 secs]
[>>][68760d0338d89959688996][DEFAULT][/Testlink/lib/general/navBar.php][25/Jul/15 08:10:43]
[<<][68760d0338d89959688996][DEFAULT][/Testlink/lib/general/navBar.php][25/Jul/15 08:10:43][25/Jul/15 08:10:43][took 0.017082 secs]
[>>][68760d033d860869076796][DEFAULT][/Testlink/lib/general/navBar.php][25/Jul/15 08:10:43]
[<<][68760d033d860869076796][DEFAULT][/Testlink/lib/general/navBar.php][25/Jul/15 08:10:43][25/Jul/15 08:10:43][took 0.083619 secs]
[<<][68760d855159e802471764][DEFAULT][/Testlink/lib/general/frmWorkArea.php][25/Jul/15 08:12:53][25/Jul/15 08:12:53][took 0.060524 secs]
[>>][68760d85609ee580435042][DEFAULT][/Testlink/lib/general/frmWorkArea.php][25/Jul/15 08:12:53]
[<<][68760d85609ee580435042][DEFAULT][/Testlink/lib/general/frmWorkArea.php][25/Jul/15 08:12:53][25/Jul/15 08:12:53][took 0.010507 secs]
[>>][68760d8563b95849324851][DEFAULT][/Testlink/lib/general/frmWorkArea.php][25/Jul/15 08:12:53]
[<<][68760d8563b95849324851][DEFAULT][/Testlink/lib/general/frmWorkArea.php][25/Jul/15 08:12:53][25/Jul/15 08:12:53][took 0.216669 secs]
[<<][68760d85d441e660380820][DEFAULT][/Testlink/lib/testcases/listTestCases.php][25/Jul/15 08:12:53][25/Jul/15 08:12:53][took 0.083175 secs]
[>>][68760d85e8fdd172033554][DEFAULT][/Testlink/lib/testcases/listTestCases.php][25/Jul/15 08:12:53]
[<<][68760d85e8fdd172033554][DEFAULT][/Testlink/lib/testcases/listTestCases.php][25/Jul/15 08:12:53][25/Jul/15 08:12:53][took 0.016881 secs]
[>>][68760d85ed8a3213168979][DEFAULT][/Testlink/lib/testcases/listTestCases.php][25/Jul/15 08:12:53]
	[25/Jul/15 08:12:58][WARNING][td4jiase1isv6rsnuvd5v5vpsc][GUI - Test Project ID : 1]
		E_NOTICE
Undefined index: size - in D:\xampp\htdocs\testlink\gui\templates_c\26ddf222ce51465ef231de91150c88e2fc567240_0.file.inc_filter_panel.tpl.php - Line 351
[<<][68760d85ed8a3213168979][DEFAULT][/Testlink/lib/testcases/listTestCases.php][25/Jul/15 08:12:53][25/Jul/15 08:12:58][took 4.770582 secs]
[<<][68760d85d970d000320492][DEFAULT][/Testlink/lib/testcases/archiveData.php][25/Jul/15 08:12:53][25/Jul/15 08:12:58][took 4.976212 secs]
[>>][68760d8ad41c0246039831][DEFAULT][/Testlink/lib/testcases/archiveData.php][25/Jul/15 08:12:58]
[<<][68760d8ad41c0246039831][DEFAULT][/Testlink/lib/testcases/archiveData.php][25/Jul/15 08:12:58][25/Jul/15 08:12:58][took 0.020607 secs]
[>>][68760d8ad9aa7440279265][DEFAULT][/Testlink/lib/testcases/archiveData.php][25/Jul/15 08:12:58]
	[25/Jul/15 08:13:00][WARNING][td4jiase1isv6rsnuvd5v5vpsc][GUI - Test Project ID : 1]
		E_NOTICE
Undefined property: stdClass::$uploadOp - in D:\xampp\htdocs\testlink\gui\templates_c\8300319905e8e03dc6afae742b25ffd3707e8103_0.file.containerView.tpl.php - Line 123
[<<][68760d8ad9aa7440279265][DEFAULT][/Testlink/lib/testcases/archiveData.php][25/Jul/15 08:12:58][25/Jul/15 08:13:01][took 2.885057 secs]
[<<][68760d8aafc42244461509][DEFAULT][/Testlink/index.php][25/Jul/15 08:12:58][25/Jul/15 08:13:01][took 3.172525 secs]
[>>][68760d8dda6c1791309184][DEFAULT][/Testlink/index.php][25/Jul/15 08:13:01]
[<<][68760d8dda6c1791309184][DEFAULT][/Testlink/index.php][25/Jul/15 08:13:01][25/Jul/15 08:13:01][took 0.025014 secs]
[<<][68760d8b3535c517512539][DEFAULT][/Testlink/lib/ajax/gettprojectnodes.php][25/Jul/15 08:12:59][25/Jul/15 08:13:02][took 2.821855 secs]
[>>][68760d8e0a426541680045][DEFAULT][/Testlink/lib/ajax/gettprojectnodes.php][25/Jul/15 08:13:02]
[<<][68760d8e0a426541680045][DEFAULT][/Testlink/lib/ajax/gettprojectnodes.php][25/Jul/15 08:13:02][25/Jul/15 08:13:02][took 0.026382 secs]
[>>][68760d8e1154e228959108][DEFAULT][/Testlink/lib/ajax/gettprojectnodes.php][25/Jul/15 08:13:02]
[<<][68760d8e1154e228959108][DEFAULT][/Testlink/lib/ajax/gettprojectnodes.php][25/Jul/15 08:13:02][25/Jul/15 08:13:02][took 0.0044 secs]
[<<][68760d8e5afcc162681843][DEFAULT][/Testlink/lib/general/navBar.php][25/Jul/15 08:13:02][25/Jul/15 08:13:02][took 0.13441 secs]
[>>][68760d8e7cce0018240732][DEFAULT][/Testlink/lib/general/navBar.php][25/Jul/15 08:13:02]
[<<][68760d8e7cce0018240732][DEFAULT][/Testlink/lib/general/navBar.php][25/Jul/15 08:13:02][25/Jul/15 08:13:02][took 0.019658 secs]
[>>][68760d8e82871952797332][DEFAULT][/Testlink/lib/general/navBar.php][25/Jul/15 08:13:02]
[<<][68760d8e82871952797332][DEFAULT][/Testlink/lib/general/navBar.php][25/Jul/15 08:13:02][25/Jul/15 08:13:02][took 0.053939 secs]
[<<][68760d8e61fd4401196114][DEFAULT][/Testlink/lib/general/mainPage.php][25/Jul/15 08:13:02][25/Jul/15 08:13:02][took 0.256113 secs]
[>>][68760d8ea16e1042168456][DEFAULT][/Testlink/lib/general/mainPage.php][25/Jul/15 08:13:02]
[<<][68760d8ea16e1042168456][DEFAULT][/Testlink/lib/general/mainPage.php][25/Jul/15 08:13:02][25/Jul/15 08:13:02][took 0.020884 secs]
[>>][68760d8ea6ffe567262812][DEFAULT][/Testlink/lib/general/mainPage.php][25/Jul/15 08:13:02]
[<<][68760d8ea6ffe567262812][DEFAULT][/Testlink/lib/general/mainPage.php][25/Jul/15 08:13:02][25/Jul/15 08:13:06][took 4.28452 secs]
[<<][68760e3c0b1c0698525965][DEFAULT][/Testlink/lib/plugins/pluginView.php][25/Jul/15 08:15:56][25/Jul/15 08:15:56][took 0.193065 secs]
[>>][68760e3c3ab5b288631559][DEFAULT][/Testlink/lib/plugins/pluginView.php][25/Jul/15 08:15:56]
[<<][68760e3c3ab5b288631559][DEFAULT][/Testlink/lib/plugins/pluginView.php][25/Jul/15 08:15:56][25/Jul/15 08:15:56][took 0.011016 secs]
[>>][68760e3c3dcea245390910][DEFAULT][/Testlink/lib/plugins/pluginView.php][25/Jul/15 08:15:56]
[<<][68760e3c3dcea245390910][DEFAULT][/Testlink/lib/plugins/pluginView.php][25/Jul/15 08:15:56][25/Jul/15 08:15:56][took 0.007153 secs]
[>>][68760e3c3ff47830934841][DEFAULT][/Testlink/lib/plugins/pluginView.php][25/Jul/15 08:15:56]
[<<][68760e3c3ff47830934841][DEFAULT][/Testlink/lib/plugins/pluginView.php][25/Jul/15 08:15:56][25/Jul/15 08:15:56][took 0.634255 secs]
[<<][68760e64cc2a2427463048][DEFAULT][/Testlink/index.php][25/Jul/15 08:16:36][25/Jul/15 08:16:36][took 0.112925 secs]
[>>][68760e64e93f5476521923][DEFAULT][/Testlink/index.php][25/Jul/15 08:16:36]
[<<][68760e64e93f5476521923][DEFAULT][/Testlink/index.php][25/Jul/15 08:16:36][25/Jul/15 08:16:36][took 0.020857 secs]
[<<][68760e655518c757821519][DEFAULT][/Testlink/lib/general/navBar.php][25/Jul/15 08:16:37][25/Jul/15 08:16:37][took 0.13068 secs]
[>>][68760e657604e076480820][DEFAULT][/Testlink/lib/general/navBar.php][25/Jul/15 08:16:37]
[<<][68760e657604e076480820][DEFAULT][/Testlink/lib/general/navBar.php][25/Jul/15 08:16:37][25/Jul/15 08:16:37][took 0.01622 secs]
[>>][68760e657a7ca561080345][DEFAULT][/Testlink/lib/general/navBar.php][25/Jul/15 08:16:37]
[<<][68760e657a7ca561080345][DEFAULT][/Testlink/lib/general/navBar.php][25/Jul/15 08:16:37][25/Jul/15 08:16:37][took 0.049846 secs]
[<<][68760e6558e8b757956488][DEFAULT][/Testlink/lib/general/mainPage.php][25/Jul/15 08:16:37][25/Jul/15 08:16:37][took 0.271211 secs]
[>>][68760e659c6c8962012876][DEFAULT][/Testlink/lib/general/mainPage.php][25/Jul/15 08:16:37]
[<<][68760e659c6c8962012876][DEFAULT][/Testlink/lib/general/mainPage.php][25/Jul/15 08:16:37][25/Jul/15 08:16:37][took 0.022095 secs]
[>>][68760e65a290f233324967][DEFAULT][/Testlink/lib/general/mainPage.php][25/Jul/15 08:16:37]
[<<][68760e65a290f233324967][DEFAULT][/Testlink/lib/general/mainPage.php][25/Jul/15 08:16:37][25/Jul/15 08:16:37][took 0.082085 secs]
[<<][68760f57f177a459777482][DEFAULT][/Testlink/lib/usermanagement/usersView.php][25/Jul/15 08:20:39][25/Jul/15 08:20:40][took 0.074768 secs]
[>>][68760f58101ba145369997][DEFAULT][/Testlink/lib/usermanagement/usersView.php][25/Jul/15 08:20:40]
[<<][68760f58101ba145369997][DEFAULT][/Testlink/lib/usermanagement/usersView.php][25/Jul/15 08:20:40][25/Jul/15 08:20:40][took 0.011061 secs]
[>>][68760f58133c6988345207][DEFAULT][/Testlink/lib/usermanagement/usersView.php][25/Jul/15 08:20:40]
[<<][68760f58133c6988345207][DEFAULT][/Testlink/lib/usermanagement/usersView.php][25/Jul/15 08:20:40][25/Jul/15 08:20:41][took 1.766801 secs]
[<<][68760f6ede25d011904009][DEFAULT][/Testlink/lib/usermanagement/rolesView.php][25/Jul/15 08:21:02][25/Jul/15 08:21:03][took 0.117787 secs]
[>>][68760f6f07555684664838][DEFAULT][/Testlink/lib/usermanagement/rolesView.php][25/Jul/15 08:21:03]
[<<][68760f6f07555684664838][DEFAULT][/Testlink/lib/usermanagement/rolesView.php][25/Jul/15 08:21:03][25/Jul/15 08:21:03][took 0.018727 secs]
[>>][68760f6f0c66b163978730][DEFAULT][/Testlink/lib/usermanagement/rolesView.php][25/Jul/15 08:21:03]
[<<][68760f6f0c66b163978730][DEFAULT][/Testlink/lib/usermanagement/rolesView.php][25/Jul/15 08:21:03][25/Jul/15 08:21:04][took 1.087521 secs]
[<<][68760f72518de882253802][DEFAULT][/Testlink/lib/usermanagement/usersAssign.php][25/Jul/15 08:21:06][25/Jul/15 08:21:06][took 0.068571 secs]
[>>][68760f7262d7c365562772][DEFAULT][/Testlink/lib/usermanagement/usersAssign.php][25/Jul/15 08:21:06]
[<<][68760f7262d7c365562772][DEFAULT][/Testlink/lib/usermanagement/usersAssign.php][25/Jul/15 08:21:06][25/Jul/15 08:21:06][took 0.038447 secs]
[>>][68760f726fe76841041725][DEFAULT][/Testlink/lib/usermanagement/usersAssign.php][25/Jul/15 08:21:06]
[<<][68760f726fe76841041725][DEFAULT][/Testlink/lib/usermanagement/usersAssign.php][25/Jul/15 08:21:06][25/Jul/15 08:21:07][took 1.526697 secs]
[<<][68760f767c1f0618291239][DEFAULT][/Testlink/lib/usermanagement/usersAssign.php][25/Jul/15 08:21:10][25/Jul/15 08:21:10][took 0.054934 secs]
[>>][68760f7689f20346121191][DEFAULT][/Testlink/lib/usermanagement/usersAssign.php][25/Jul/15 08:21:10]
[<<][68760f7689f20346121191][DEFAULT][/Testlink/lib/usermanagement/usersAssign.php][25/Jul/15 08:21:10][25/Jul/15 08:21:10][took 0.026851 secs]
[>>][68760f7690f55495788490][DEFAULT][/Testlink/lib/usermanagement/usersAssign.php][25/Jul/15 08:21:10]
[<<][68760f7690f55495788490][DEFAULT][/Testlink/lib/usermanagement/usersAssign.php][25/Jul/15 08:21:10][25/Jul/15 08:21:10][took 0.06609 secs]
[<<][68760f7883c06883924300][DEFAULT][/Testlink/lib/usermanagement/usersView.php][25/Jul/15 08:21:12][25/Jul/15 08:21:12][took 0.052712 secs]
[>>][68760f78911aa523757774][DEFAULT][/Testlink/lib/usermanagement/usersView.php][25/Jul/15 08:21:12]
[<<][68760f78911aa523757774][DEFAULT][/Testlink/lib/usermanagement/usersView.php][25/Jul/15 08:21:12][25/Jul/15 08:21:12][took 0.011723 secs]
[>>][68760f7894637617498958][DEFAULT][/Testlink/lib/usermanagement/usersView.php][25/Jul/15 08:21:12]
[<<][68760f7894637617498958][DEFAULT][/Testlink/lib/usermanagement/usersView.php][25/Jul/15 08:21:12][25/Jul/15 08:21:12][took 0.013002 secs]
[<<][68760f89857c7782793851][DEFAULT][/Testlink/lib/usermanagement/rolesView.php][25/Jul/15 08:21:29][25/Jul/15 08:21:29][took 0.070053 secs]
[>>][68760f8996fd5278303115][DEFAULT][/Testlink/lib/usermanagement/rolesView.php][25/Jul/15 08:21:29]
[<<][68760f8996fd5278303115][DEFAULT][/Testlink/lib/usermanagement/rolesView.php][25/Jul/15 08:21:29][25/Jul/15 08:21:29][took 0.015018 secs]
[>>][68760f899b170908294317][DEFAULT][/Testlink/lib/usermanagement/rolesView.php][25/Jul/15 08:21:29]
[<<][68760f899b170908294317][DEFAULT][/Testlink/lib/usermanagement/rolesView.php][25/Jul/15 08:21:29][25/Jul/15 08:21:29][took 0.024786 secs]
[<<][68760f9dc9f5b264848150][DEFAULT][/Testlink/lib/usermanagement/usersAssign.php][25/Jul/15 08:21:49][25/Jul/15 08:21:49][took 0.070657 secs]
[>>][68760f9ddcc84934579954][DEFAULT][/Testlink/lib/usermanagement/usersAssign.php][25/Jul/15 08:21:49]
[<<][68760f9ddcc84934579954][DEFAULT][/Testlink/lib/usermanagement/usersAssign.php][25/Jul/15 08:21:49][25/Jul/15 08:21:49][took 0.037915 secs]
[>>][68760f9de68a3219106274][DEFAULT][/Testlink/lib/usermanagement/usersAssign.php][25/Jul/15 08:21:49]
[<<][68760f9de68a3219106274][DEFAULT][/Testlink/lib/usermanagement/usersAssign.php][25/Jul/15 08:21:49][25/Jul/15 08:21:50][took 0.085038 secs]
[<<][68760fcd2e115662430021][DEFAULT][/Testlink/lib/usermanagement/usersAssign.php][25/Jul/15 08:22:37][25/Jul/15 08:22:37][took 0.097709 secs]
[>>][68760fcd46671511093743][DEFAULT][/Testlink/lib/usermanagement/usersAssign.php][25/Jul/15 08:22:37]
[<<][68760fcd46671511093743][DEFAULT][/Testlink/lib/usermanagement/usersAssign.php][25/Jul/15 08:22:37][25/Jul/15 08:22:37][took 0.031608 secs]
[>>][68760fcd4eb61299926692][DEFAULT][/Testlink/lib/usermanagement/usersAssign.php][25/Jul/15 08:22:37]
[<<][68760fcd4eb61299926692][DEFAULT][/Testlink/lib/usermanagement/usersAssign.php][25/Jul/15 08:22:37][25/Jul/15 08:22:37][took 0.067905 secs]
[<<][6876103c7f855208431570][DEFAULT][/Testlink/lib/usermanagement/userInfo.php][25/Jul/15 08:24:28][25/Jul/15 08:24:28][took 0.106172 secs]
[>>][6876103c9af68051639947][DEFAULT][/Testlink/lib/usermanagement/userInfo.php][25/Jul/15 08:24:28]
[<<][6876103c9af68051639947][DEFAULT][/Testlink/lib/usermanagement/userInfo.php][25/Jul/15 08:24:28][25/Jul/15 08:24:28][took 0.027921 secs]
[>>][6876103ca25b4365984982][DEFAULT][/Testlink/lib/usermanagement/userInfo.php][25/Jul/15 08:24:28]
[<<][6876103ca25b4365984982][DEFAULT][/Testlink/lib/usermanagement/userInfo.php][25/Jul/15 08:24:28][25/Jul/15 08:24:29][took 0.356792 secs]
[<<][6876104c9ca6a341682518][DEFAULT][/Testlink/lib/usermanagement/usersView.php][25/Jul/15 08:24:44][25/Jul/15 08:24:44][took 0.051941 secs]
[>>][6876104ca9c48845357062][DEFAULT][/Testlink/lib/usermanagement/usersView.php][25/Jul/15 08:24:44]
[<<][6876104ca9c48845357062][DEFAULT][/Testlink/lib/usermanagement/usersView.php][25/Jul/15 08:24:44][25/Jul/15 08:24:44][took 0.024139 secs]
[>>][6876104cb0255122044772][DEFAULT][/Testlink/lib/usermanagement/usersView.php][25/Jul/15 08:24:44]
[<<][6876104cb0255122044772][DEFAULT][/Testlink/lib/usermanagement/usersView.php][25/Jul/15 08:24:44][25/Jul/15 08:24:44][took 0.020516 secs]
[<<][6876104f76888848923266][DEFAULT][/Testlink/lib/usermanagement/usersEdit.php][25/Jul/15 08:24:47][25/Jul/15 08:24:47][took 0.071314 secs]
[>>][6876104f8867d668549902][DEFAULT][/Testlink/lib/usermanagement/usersEdit.php][25/Jul/15 08:24:47]
[<<][6876104f8867d668549902][DEFAULT][/Testlink/lib/usermanagement/usersEdit.php][25/Jul/15 08:24:47][25/Jul/15 08:24:47][took 0.012209 secs]
[>>][6876104f8bd4b576609297][DEFAULT][/Testlink/lib/usermanagement/usersEdit.php][25/Jul/15 08:24:47]
[<<][6876104f8bd4b576609297][DEFAULT][/Testlink/lib/usermanagement/usersEdit.php][25/Jul/15 08:24:47][25/Jul/15 08:24:49][took 1.798098 secs]
[<<][68761efd4bfaa772484437][DEFAULT][/Testlink/index.php][25/Jul/15 09:27:25][25/Jul/15 09:27:25][took 0.113368 secs]
[>>][68761efd697b1626510640][DEFAULT][/Testlink/index.php][25/Jul/15 09:27:25]
[<<][68761efd697b1626510640][DEFAULT][/Testlink/index.php][25/Jul/15 09:27:25][25/Jul/15 09:27:25][took 0.015018 secs]
[<<][68761efe1079f510447662][DEFAULT][/Testlink/lib/general/navBar.php][25/Jul/15 09:27:26][25/Jul/15 09:27:26][took 0.152521 secs]
[>>][68761efe381ee913599654][DEFAULT][/Testlink/lib/general/navBar.php][25/Jul/15 09:27:26]
[<<][68761efe381ee913599654][DEFAULT][/Testlink/lib/general/navBar.php][25/Jul/15 09:27:26][25/Jul/15 09:27:26][took 0.020524 secs]
[>>][68761efe3e0d7379250405][DEFAULT][/Testlink/lib/general/navBar.php][25/Jul/15 09:27:26]
[<<][68761efe3e0d7379250405][DEFAULT][/Testlink/lib/general/navBar.php][25/Jul/15 09:27:26][25/Jul/15 09:27:26][took 0.075166 secs]
[<<][68761efe147af002139933][DEFAULT][/Testlink/lib/general/mainPage.php][25/Jul/15 09:27:26][25/Jul/15 09:27:26][took 0.39933 secs]
[>>][68761efe76db6960449137][DEFAULT][/Testlink/lib/general/mainPage.php][25/Jul/15 09:27:26]
[<<][68761efe76db6960449137][DEFAULT][/Testlink/lib/general/mainPage.php][25/Jul/15 09:27:26][25/Jul/15 09:27:26][took 0.029969 secs]
[>>][68761efe7f2a3309487185][DEFAULT][/Testlink/lib/general/mainPage.php][25/Jul/15 09:27:26]
[<<][68761efe7f2a3309487185][DEFAULT][/Testlink/lib/general/mainPage.php][25/Jul/15 09:27:26][25/Jul/15 09:27:26][took 0.06755 secs]
[<<][68762257b1e8f469684453][DEFAULT][/Testlink/lib/usermanagement/userInfo.php][25/Jul/15 09:41:43][25/Jul/15 09:41:43][took 0.071146 secs]
[>>][68762257c3c43001741552][DEFAULT][/Testlink/lib/usermanagement/userInfo.php][25/Jul/15 09:41:43]
[<<][68762257c3c43001741552][DEFAULT][/Testlink/lib/usermanagement/userInfo.php][25/Jul/15 09:41:43][25/Jul/15 09:41:43][took 0.018883 secs]
[>>][68762257c8db9799740542][DEFAULT][/Testlink/lib/usermanagement/userInfo.php][25/Jul/15 09:41:43]
[<<][68762257c8db9799740542][DEFAULT][/Testlink/lib/usermanagement/userInfo.php][25/Jul/15 09:41:43][25/Jul/15 09:41:44][took 0.507005 secs]
[<<][68762290ee69c496842049][DEFAULT][/Testlink/lib/usermanagement/userInfo.php][25/Jul/15 09:42:40][25/Jul/15 09:42:41][took 0.07717 secs]
[>>][687622910e78b349484490][DEFAULT][/Testlink/lib/usermanagement/userInfo.php][25/Jul/15 09:42:41]
[<<][687622910e78b349484490][DEFAULT][/Testlink/lib/usermanagement/userInfo.php][25/Jul/15 09:42:41][25/Jul/15 09:42:41][took 0.015164 secs]
[>>][6876229112b06347619361][DEFAULT][/Testlink/lib/usermanagement/userInfo.php][25/Jul/15 09:42:41]
[<<][6876229112b06347619361][DEFAULT][/Testlink/lib/usermanagement/userInfo.php][25/Jul/15 09:42:41][25/Jul/15 09:42:41][took 0.311968 secs]
[<<][687623190850c677761447][DEFAULT][/Testlink/index.php][25/Jul/15 09:44:57][25/Jul/15 09:44:57][took 0.102439 secs]
[>>][6876231922f11810586231][DEFAULT][/Testlink/index.php][25/Jul/15 09:44:57]
[<<][6876231922f11810586231][DEFAULT][/Testlink/index.php][25/Jul/15 09:44:57][25/Jul/15 09:44:57][took 0.018748 secs]
[<<][6876231982699132194251][DEFAULT][/Testlink/lib/general/navBar.php][25/Jul/15 09:44:57][25/Jul/15 09:44:57][took 0.090662 secs]
[>>][6876231999521952710289][DEFAULT][/Testlink/lib/general/navBar.php][25/Jul/15 09:44:57]
[<<][6876231999521952710289][DEFAULT][/Testlink/lib/general/navBar.php][25/Jul/15 09:44:57][25/Jul/15 09:44:57][took 0.015618 secs]
[>>][687623199d8c5305585732][DEFAULT][/Testlink/lib/general/navBar.php][25/Jul/15 09:44:57]
[<<][687623199d8c5305585732][DEFAULT][/Testlink/lib/general/navBar.php][25/Jul/15 09:44:57][25/Jul/15 09:44:57][took 0.049916 secs]
[<<][68762319869f9475254565][DEFAULT][/Testlink/lib/general/mainPage.php][25/Jul/15 09:44:57][25/Jul/15 09:44:57][took 0.247 secs]
[>>][68762319c383f420769627][DEFAULT][/Testlink/lib/general/mainPage.php][25/Jul/15 09:44:57]
[<<][68762319c383f420769627][DEFAULT][/Testlink/lib/general/mainPage.php][25/Jul/15 09:44:57][25/Jul/15 09:44:57][took 0.025656 secs]
[>>][68762319ca5e8376038532][DEFAULT][/Testlink/lib/general/mainPage.php][25/Jul/15 09:44:57]
[<<][68762319ca5e8376038532][DEFAULT][/Testlink/lib/general/mainPage.php][25/Jul/15 09:44:57][25/Jul/15 09:44:57][took 0.086809 secs]
