[>>][687602c51b4e6750199883][DEFAULT][/testlink/install/installCheck.php][25/Jul/15 07:27:01]
[<<][687602c51b4e6750199883][DEFAULT][/testlink/install/installCheck.php][25/Jul/15 07:27:01][25/Jul/15 07:27:01][took 0.069992 secs]
[>>][68760519b6aba159897111][DEFAULT][/testlink/install/installNewDB.php][25/Jul/15 07:36:57]
[<<][68760519b6aba159897111][DEFAULT][/testlink/install/installNewDB.php][25/Jul/15 07:36:57][25/Jul/15 07:36:57][took 0.160321 secs]
[>>][68760538ab29e017650062][DEFAULT][/testlink/install/installNewDB.php][25/Jul/15 07:37:28]
	[25/Jul/15 07:37:28][WARNING][<nosession>][GUI]
		E_WARNING
Creating default object from empty value - in D:\xampp\htdocs\testlink\install\installUtils.php - Line 555
[<<][68760538ab29e017650062][DEFAULT][/testlink/install/installNewDB.php][25/Jul/15 07:37:28][25/Jul/15 07:37:34][took 5.835552 secs]
[>>][687605b8002a2087802220][DEFAULT][/Testlink/index.php][25/Jul/15 07:39:35]
[<<][687605b8002a2087802220][DEFAULT][/Testlink/index.php][25/Jul/15 07:39:35][25/Jul/15 07:39:36][took 0.100293 secs]
[>>][687605b8e0c1b651606454][DEFAULT][/Testlink/login.php][25/Jul/15 07:39:36]
[<<][687605b8e0c1b651606454][DEFAULT][/Testlink/login.php][25/Jul/15 07:39:36][25/Jul/15 07:39:37][took 0.336742 secs]
[>>][687605b93f632512523728][DEFAULT][/Testlink/login.php][25/Jul/15 07:39:37]
[<<][687605b93f632512523728][DEFAULT][/Testlink/login.php][25/Jul/15 07:39:37][25/Jul/15 07:39:40][took 3.24599 secs]
[>>][68760654100b0588335176][DEFAULT][/Testlink/login.php][25/Jul/15 07:42:12]
[<<][68760654100b0588335176][DEFAULT][/Testlink/login.php][25/Jul/15 07:42:12][25/Jul/15 07:42:12][took 0.080555 secs]
[>>][6876065424669846860683][DEFAULT][/Testlink/login.php][25/Jul/15 07:42:12]
[<<][6876065424669846860683][DEFAULT][/Testlink/login.php][25/Jul/15 07:42:12][25/Jul/15 07:42:12][took 0.069042 secs]
[>>][6876065c9f7d6622567069][DEFAULT][/Testlink/login.php][25/Jul/15 07:42:20]
[<<][6876065c9f7d6622567069][DEFAULT][/Testlink/login.php][25/Jul/15 07:42:20][25/Jul/15 07:42:20][took 0.07717 secs]
[>>][6876065cb2cf7005856321][DEFAULT][/Testlink/login.php][25/Jul/15 07:42:20]
[<<][6876065cb2cf7005856321][DEFAULT][/Testlink/login.php][25/Jul/15 07:42:20][25/Jul/15 07:42:20][took 0.16676 secs]
[>>][6876065cdc24d296600798][DEFAULT][/Testlink/login.php][25/Jul/15 07:42:20]
[>>][6876065d97e5e650595610][DEFAULT][/Testlink/index.php][25/Jul/15 07:42:21]
[>>][6876065ea79d3694247739][DEFAULT][/Testlink/lib/general/navBar.php][25/Jul/15 07:42:22]
[>>][6876065eaed6e885150609][DEFAULT][/Testlink/lib/general/mainPage.php][25/Jul/15 07:42:22]
[>>][6876066133c05727131047][DEFAULT][/Testlink/lib/project/projectEdit.php][25/Jul/15 07:42:25]
[>>][6876067228dee514982136][DEFAULT][/Testlink/lib/usermanagement/userInfo.php][25/Jul/15 07:42:42]
[>>][6876067b68275916186975][DEFAULT][/Testlink/logout.php][25/Jul/15 07:42:51]
[<<][6876067b88dd5602368405][DEFAULT][/Testlink/logout.php][25/Jul/15 07:42:51][25/Jul/15 07:42:51][took 0.022001 secs]
[>>][6876067bd5985540867602][DEFAULT][/Testlink/login.php][25/Jul/15 07:42:51]
[<<][6876067bd5985540867602][DEFAULT][/Testlink/login.php][25/Jul/15 07:42:51][25/Jul/15 07:42:51][took 0.121677 secs]
[>>][6876067c000b9483638496][DEFAULT][/Testlink/login.php][25/Jul/15 07:42:51]
[<<][6876067c000b9483638496][DEFAULT][/Testlink/login.php][25/Jul/15 07:42:51][25/Jul/15 07:42:52][took 0.24745 secs]
[>>][68760ab71a8ba463353324][DEFAULT][/Testlink/login.php][25/Jul/15 08:00:55]
[<<][68760ab71a8ba463353324][DEFAULT][/Testlink/login.php][25/Jul/15 08:00:55][25/Jul/15 08:00:55][took 0.139275 secs]
[>>][68760ab73d324119127837][DEFAULT][/Testlink/login.php][25/Jul/15 08:00:55]
[<<][68760ab73d324119127837][DEFAULT][/Testlink/login.php][25/Jul/15 08:00:55][25/Jul/15 08:00:55][took 0.271704 secs]
[>>][68760ab780540064774566][DEFAULT][/Testlink/login.php][25/Jul/15 08:00:55]
[>>][68760ab82aca1354073514][DEFAULT][/Testlink/index.php][25/Jul/15 08:00:56]
[>>][68760ab894c4b783540540][DEFAULT][/Testlink/lib/general/navBar.php][25/Jul/15 08:00:56]
[>>][68760ab895c2b717778360][DEFAULT][/Testlink/lib/general/mainPage.php][25/Jul/15 08:00:56]
[>>][68760ab93ec08483432324][DEFAULT][/Testlink/lib/project/projectEdit.php][25/Jul/15 08:00:57]
[>>][68760abc6ace0539808533][DEFAULT][/Testlink/lib/usermanagement/userInfo.php][25/Jul/15 08:01:00]
[>>][68760af7e47d3272458295][DEFAULT][/Testlink/lib/usermanagement/userInfo.php][25/Jul/15 08:01:59]
[>>][68760af886555403126883][DEFAULT][/Testlink/lib/general/navBar.php][25/Jul/15 08:02:00]
[>>][68760b43a611e950881208][DEFAULT][/Testlink/index.php][25/Jul/15 08:03:15]
[>>][68760b4431d54437227438][DEFAULT][/Testlink/lib/general/navBar.php][25/Jul/15 08:03:16]
[>>][68760b4433b6d051933691][DEFAULT][/Testlink/lib/general/mainPage.php][25/Jul/15 08:03:16]
[>>][68760b44ad0f2494059478][DEFAULT][/Testlink/lib/project/projectEdit.php][25/Jul/15 08:03:16]
[>>][68760b5b2789f034509876][DEFAULT][/Testlink/lib/usermanagement/userInfo.php][25/Jul/15 08:03:39]
[>>][68760bade8607014917501][DEFAULT][/Testlink/lib/usermanagement/userInfo.php][25/Jul/15 08:05:01]
[>>][68760ca9e4c84190817348][DEFAULT][/Testlink/index.php][25/Jul/15 08:09:13]
[>>][68760caa81257372778913][DEFAULT][/Testlink/lib/general/navBar.php][25/Jul/15 08:09:14]
[>>][68760caa84e12443545137][DEFAULT][/Testlink/lib/general/mainPage.php][25/Jul/15 08:09:14]
[>>][68760cab0a63f883842365][DEFAULT][/Testlink/lib/project/projectEdit.php][25/Jul/15 08:09:15]
[>>][68760d0019c7f589121260][DEFAULT][/Testlink/lib/project/projectEdit.php][25/Jul/15 08:10:40]
[>>][68760d0323b6e276321127][DEFAULT][/Testlink/lib/general/navBar.php][25/Jul/15 08:10:43]
[>>][68760d855159e802471764][DEFAULT][/Testlink/lib/general/frmWorkArea.php][25/Jul/15 08:12:53]
[>>][68760d85d441e660380820][DEFAULT][/Testlink/lib/testcases/listTestCases.php][25/Jul/15 08:12:53]
[>>][68760d85d970d000320492][DEFAULT][/Testlink/lib/testcases/archiveData.php][25/Jul/15 08:12:53]
[>>][68760d8aafc42244461509][DEFAULT][/Testlink/index.php][25/Jul/15 08:12:58]
[>>][68760d8b3535c517512539][DEFAULT][/Testlink/lib/ajax/gettprojectnodes.php][25/Jul/15 08:12:59]
[>>][68760d8e5afcc162681843][DEFAULT][/Testlink/lib/general/navBar.php][25/Jul/15 08:13:02]
[>>][68760d8e61fd4401196114][DEFAULT][/Testlink/lib/general/mainPage.php][25/Jul/15 08:13:02]
[>>][68760e3c0b1c0698525965][DEFAULT][/Testlink/lib/plugins/pluginView.php][25/Jul/15 08:15:56]
[>>][68760e64cc2a2427463048][DEFAULT][/Testlink/index.php][25/Jul/15 08:16:36]
[>>][68760e655518c757821519][DEFAULT][/Testlink/lib/general/navBar.php][25/Jul/15 08:16:37]
[>>][68760e6558e8b757956488][DEFAULT][/Testlink/lib/general/mainPage.php][25/Jul/15 08:16:37]
[>>][68760f57f177a459777482][DEFAULT][/Testlink/lib/usermanagement/usersView.php][25/Jul/15 08:20:39]
[>>][68760f6ede25d011904009][DEFAULT][/Testlink/lib/usermanagement/rolesView.php][25/Jul/15 08:21:02]
[>>][68760f72518de882253802][DEFAULT][/Testlink/lib/usermanagement/usersAssign.php][25/Jul/15 08:21:06]
[>>][68760f767c1f0618291239][DEFAULT][/Testlink/lib/usermanagement/usersAssign.php][25/Jul/15 08:21:10]
[>>][68760f7883c06883924300][DEFAULT][/Testlink/lib/usermanagement/usersView.php][25/Jul/15 08:21:12]
[>>][68760f89857c7782793851][DEFAULT][/Testlink/lib/usermanagement/rolesView.php][25/Jul/15 08:21:29]
[>>][68760f9dc9f5b264848150][DEFAULT][/Testlink/lib/usermanagement/usersAssign.php][25/Jul/15 08:21:49]
[>>][68760fcd2e115662430021][DEFAULT][/Testlink/lib/usermanagement/usersAssign.php][25/Jul/15 08:22:37]
[>>][6876103c7f855208431570][DEFAULT][/Testlink/lib/usermanagement/userInfo.php][25/Jul/15 08:24:28]
[>>][6876104c9ca6a341682518][DEFAULT][/Testlink/lib/usermanagement/usersView.php][25/Jul/15 08:24:44]
[>>][6876104f76888848923266][DEFAULT][/Testlink/lib/usermanagement/usersEdit.php][25/Jul/15 08:24:47]
[>>][68761efd4bfaa772484437][DEFAULT][/Testlink/index.php][25/Jul/15 09:27:25]
[>>][68761efe1079f510447662][DEFAULT][/Testlink/lib/general/navBar.php][25/Jul/15 09:27:26]
[>>][68761efe147af002139933][DEFAULT][/Testlink/lib/general/mainPage.php][25/Jul/15 09:27:26]
[>>][68762257b1e8f469684453][DEFAULT][/Testlink/lib/usermanagement/userInfo.php][25/Jul/15 09:41:43]
[>>][68762290ee69c496842049][DEFAULT][/Testlink/lib/usermanagement/userInfo.php][25/Jul/15 09:42:40]
[>>][687623190850c677761447][DEFAULT][/Testlink/index.php][25/Jul/15 09:44:57]
[>>][6876231982699132194251][DEFAULT][/Testlink/lib/general/navBar.php][25/Jul/15 09:44:57]
[>>][68762319869f9475254565][DEFAULT][/Testlink/lib/general/mainPage.php][25/Jul/15 09:44:57]
